[2023-03-18 21:52:48,530] root - INFO - Training pipleine config: TrainingPipelineConfig(artifact_dir='C:\\Users\\shiva\\Desktop\\Live_Project\\Day_3\\config_data_ingestion\\traveling\\artifact')
[2023-03-18 21:52:48,532] root - INFO - Training pipleine config: TrainingPipelineConfig(artifact_dir='C:\\Users\\shiva\\Desktop\\Live_Project\\Day_3\\config_data_ingestion\\traveling\\artifact')
[2023-03-18 21:52:48,532] root - INFO - Data Ingestion config: DataIngestionConfig(dataset_download_url='https://raw.githubusercontent.com/Shivan118/Main-Branching/main/TourismData.csv', tgz_download_dir='C:\\Users\\shiva\\Desktop\\Live_Project\\Day_3\\config_data_ingestion\\traveling\\artifact\\data_ingestion\\2023-03-18-21-52-47\\tgz_data', raw_data_dir='C:\\Users\\shiva\\Desktop\\Live_Project\\Day_3\\config_data_ingestion\\traveling\\artifact\\data_ingestion\\2023-03-18-21-52-47\\raw_data', ingested_train_dir='C:\\Users\\shiva\\Desktop\\Live_Project\\Day_3\\config_data_ingestion\\traveling\\artifact\\data_ingestion\\2023-03-18-21-52-47\\ingested_data\\train', ingested_test_dir='C:\\Users\\shiva\\Desktop\\Live_Project\\Day_3\\config_data_ingestion\\traveling\\artifact\\data_ingestion\\2023-03-18-21-52-47\\ingested_data\\test')
[2023-03-18 21:52:48,532] root - INFO - >>>>>>>>>>>>>>>>>>>>>>>>>>>>>>>>>>>>>>>>Data Ingestion log started.<<<<<<<<<<<<<<<<<<<<<<<<<<<<<<<<<<<<<<<< 
[2023-03-18 21:52:48,533] root - INFO - Downloading file from :[https://raw.githubusercontent.com/Shivan118/Main-Branching/main/TourismData.csv] into :[C:\Users\shiva\Desktop\Live_Project\Day_3\config_data_ingestion\traveling\artifact\data_ingestion\2023-03-18-21-52-47\tgz_data\TourismData.csv]
[2023-03-18 21:52:48,696] root - INFO - File :[C:\Users\shiva\Desktop\Live_Project\Day_3\config_data_ingestion\traveling\artifact\data_ingestion\2023-03-18-21-52-47\tgz_data\TourismData.csv] has been downloaded successfully.
[2023-03-18 21:52:48,698] root - INFO - Extracting tgz file: [C:\Users\shiva\Desktop\Live_Project\Day_3\config_data_ingestion\traveling\artifact\data_ingestion\2023-03-18-21-52-47\tgz_data\TourismData.csv] into dir: [C:\Users\shiva\Desktop\Live_Project\Day_3\config_data_ingestion\traveling\artifact\data_ingestion\2023-03-18-21-52-47\raw_data]
[2023-03-18 21:52:48,716] root - INFO - Extraction completed
[2023-03-18 21:52:48,716] root - INFO - Reading csv file: [C:\Users\shiva\Desktop\Live_Project\Day_3\config_data_ingestion\traveling\artifact\data_ingestion\2023-03-18-21-52-47\raw_data\TourismData.csv]
[2023-03-18 21:52:48,747] root - INFO - Splitting data into train and test
[2023-03-18 21:52:48,747] root - ERROR - 
        Error occured in script: 
        [ C:\Users\shiva\Desktop\Live_Project\Day_3\config_data_ingestion\travelling\pipeline\pipeline.py ] at 
        try block line number: [36] and exception block line number: [39] 
        error message: [
        Error occured in script: 
        [ C:\Users\shiva\Desktop\Live_Project\Day_3\config_data_ingestion\travelling\pipeline\pipeline.py ] at 
        try block line number: [27] and exception block line number: [29] 
        error message: [
        Error occured in script: 
        [ C:\Users\shiva\Desktop\Live_Project\Day_3\config_data_ingestion\travelling\components\data_ingestion.py ] at 
        try block line number: [124] and exception block line number: [126] 
        error message: [
        Error occured in script: 
        [ C:\Users\shiva\Desktop\Live_Project\Day_3\config_data_ingestion\travelling\components\data_ingestion.py ] at 
        try block line number: [88] and exception block line number: [118] 
        error message: ['default.payment.next.month']
        ]
        ]
        ]
        
