[2023-03-19 21:06:02,013] root - INFO - Training pipleine config: TrainingPipelineConfig(artifact_dir='C:\\Users\\shiva\\Desktop\\Live_Project\\Day_3\\config_data_ingestion\\traveling\\artifact')
[2023-03-19 21:06:02,039] root - INFO - Training pipleine config: TrainingPipelineConfig(artifact_dir='C:\\Users\\shiva\\Desktop\\Live_Project\\Day_3\\config_data_ingestion\\traveling\\artifact')
[2023-03-19 21:06:02,041] root - INFO - Data Ingestion config: DataIngestionConfig(dataset_download_url='https://raw.githubusercontent.com/Shivan118/Main-Branching/main/TourismData.csv', tgz_download_dir='C:\\Users\\shiva\\Desktop\\Live_Project\\Day_3\\config_data_ingestion\\traveling\\artifact\\data_ingestion\\2023-03-19-21-05-25\\tgz_data', raw_data_dir='C:\\Users\\shiva\\Desktop\\Live_Project\\Day_3\\config_data_ingestion\\traveling\\artifact\\data_ingestion\\2023-03-19-21-05-25\\raw_data', ingested_train_dir='C:\\Users\\shiva\\Desktop\\Live_Project\\Day_3\\config_data_ingestion\\traveling\\artifact\\data_ingestion\\2023-03-19-21-05-25\\ingested_data\\train', ingested_test_dir='C:\\Users\\shiva\\Desktop\\Live_Project\\Day_3\\config_data_ingestion\\traveling\\artifact\\data_ingestion\\2023-03-19-21-05-25\\ingested_data\\test')
[2023-03-19 21:06:02,041] root - INFO - >>>>>>>>>>>>>>>>>>>>>>>>>>>>>>>>>>>>>>>>Data Ingestion log started.<<<<<<<<<<<<<<<<<<<<<<<<<<<<<<<<<<<<<<<< 
[2023-03-19 21:06:02,043] root - INFO - Downloading file from :[https://raw.githubusercontent.com/Shivan118/Main-Branching/main/TourismData.csv] into :[C:\Users\shiva\Desktop\Live_Project\Day_3\config_data_ingestion\traveling\artifact\data_ingestion\2023-03-19-21-05-25\tgz_data\TourismData.csv]
[2023-03-19 21:06:02,964] root - INFO - File :[C:\Users\shiva\Desktop\Live_Project\Day_3\config_data_ingestion\traveling\artifact\data_ingestion\2023-03-19-21-05-25\tgz_data\TourismData.csv] has been downloaded successfully.
[2023-03-19 21:06:02,967] root - INFO - Extracting tgz file: [C:\Users\shiva\Desktop\Live_Project\Day_3\config_data_ingestion\traveling\artifact\data_ingestion\2023-03-19-21-05-25\tgz_data\TourismData.csv] into dir: [C:\Users\shiva\Desktop\Live_Project\Day_3\config_data_ingestion\traveling\artifact\data_ingestion\2023-03-19-21-05-25\raw_data]
[2023-03-19 21:06:03,061] root - INFO - Extraction completed
[2023-03-19 21:06:03,062] root - INFO - Reading csv file: [C:\Users\shiva\Desktop\Live_Project\Day_3\config_data_ingestion\traveling\artifact\data_ingestion\2023-03-19-21-05-25\raw_data\TourismData.csv]
[2023-03-19 21:06:03,305] root - INFO - Splitting data into train and test
[2023-03-19 21:06:03,308] root - ERROR - 
        Error occured in script: 
        [ C:\Users\shiva\Desktop\Live_Project\Day_3\config_data_ingestion\travelling\pipeline\pipeline.py ] at 
        try block line number: [36] and exception block line number: [39] 
        error message: [
        Error occured in script: 
        [ C:\Users\shiva\Desktop\Live_Project\Day_3\config_data_ingestion\travelling\pipeline\pipeline.py ] at 
        try block line number: [27] and exception block line number: [29] 
        error message: [
        Error occured in script: 
        [ C:\Users\shiva\Desktop\Live_Project\Day_3\config_data_ingestion\travelling\components\data_ingestion.py ] at 
        try block line number: [122] and exception block line number: [124] 
        error message: [
        Error occured in script: 
        [ C:\Users\shiva\Desktop\Live_Project\Day_3\config_data_ingestion\travelling\components\data_ingestion.py ] at 
        try block line number: [86] and exception block line number: [116] 
        error message: ['default.payment.next.month']
        ]
        ]
        ]
        
